<?xml version="1.0" encoding="UTF-8"?>
<testsuite xmlns:xsi="http://www.w3.org/2001/XMLSchema-instance" xsi:schemaLocation="https://maven.apache.org/surefire/maven-surefire-plugin/xsd/surefire-test-report.xsd" name="runnerFile.Runner" time="10.215" tests="8" errors="0" skipped="0" failures="0">
  <properties>
[...]
</properties>
  <testcase name="Sucessfully navigate to homepage" classname="SauceDemo testing" time="4.215"/>
  <testcase name="Login with Invalid credentials #1" classname="SauceDemo testing" time="0.475"/>
  <testcase name="Login with Invalid credentials #2" classname="SauceDemo testing" time="0.353"/>
  <testcase name="Login with Invalid credentials #3" classname="SauceDemo testing" time="0.362"/>
  <testcase name="Login with Invalid credentials #4" classname="SauceDemo testing" time="0.357"/>
  <testcase name="Sucessful Log in to site" classname="SauceDemo testing" time="0.561"/>
  <testcase name="Sucessful adding product to cart" classname="SauceDemo testing" time="0.695"/>
  <testcase name="Sucessful checking out of product" classname="SauceDemo testing" time="1.526"/>
</testsuite>